<?xml version="1.0" encoding="utf-8"?><testsuites name="pytest tests"><testsuite name="pytest" errors="0" failures="0" skipped="0" tests="52" time="15.048" timestamp="2026-03-31T12:50:50.375161+00:00" hostname="agent-env-21aa83ad-8c08-40aa-a5a1-8db3756fb4ef"><testcase classname="backend.tests.test_comprehensive_api.TestPublicEndpoints" name="test_api_root" time="0.218" /><testcase classname="backend.tests.test_comprehensive_api.TestPublicEndpoints" name="test_public_settings" time="0.160" /><testcase classname="backend.tests.test_comprehensive_api.TestPublicEndpoints" name="test_public_services" time="0.140" /><testcase classname="backend.tests.test_comprehensive_api.TestPublicEndpoints" name="test_public_service_by_slug" time="0.157" /><testcase classname="backend.tests.test_comprehensive_api.TestPublicEndpoints" name="test_public_service_not_found" time="0.137" /><testcase classname="backend.tests.test_comprehensive_api.TestPublicEndpoints" name="test_public_online_services" time="0.169" /><testcase classname="backend.tests.test_comprehensive_api.TestPublicEndpoints" name="test_public_municipalities" time="0.096" /><testcase classname="backend.tests.test_comprehensive_api.TestPublicEndpoints" name="test_public_pages_chi_siamo" time="0.154" /><testcase classname="backend.tests.test_comprehensive_api.TestPublicEndpoints" name="test_public_pages_privacy_policy" time="0.096" /><testcase classname="backend.tests.test_comprehensive_api.TestPublicEndpoints" name="test_public_pages_cookie_policy" time="0.107" /><testcase classname="backend.tests.test_comprehensive_api.TestPublicEndpoints" name="test_public_page_not_found" time="0.120" /><testcase classname="backend.tests.test_comprehensive_api.TestPublicEndpoints" name="test_public_documents" time="0.103" /><testcase classname="backend.tests.test_comprehensive_api.TestPublicEndpoints" name="test_public_modulistica" time="0.100" /><testcase classname="backend.tests.test_comprehensive_api.TestPublicEndpoints" name="test_public_modulistica_categories" time="0.115" /><testcase classname="backend.tests.test_comprehensive_api.TestContactForm" name="test_contact_form_success" time="0.298" /><testcase classname="backend.tests.test_comprehensive_api.TestContactForm" name="test_contact_form_privacy_required" time="0.104" /><testcase classname="backend.tests.test_comprehensive_api.TestContactForm" name="test_contact_form_invalid_email" time="0.140" /><testcase classname="backend.tests.test_comprehensive_api.TestAuthentication" name="test_login_success" time="0.323" /><testcase classname="backend.tests.test_comprehensive_api.TestAuthentication" name="test_login_invalid_credentials" time="0.380" /><testcase classname="backend.tests.test_comprehensive_api.TestAuthentication" name="test_login_invalid_email" time="0.123" /><testcase classname="backend.tests.test_comprehensive_api.TestAuthentication" name="test_me_without_auth" time="0.103" /><testcase classname="backend.tests.test_comprehensive_api.TestAuthentication" name="test_logout" time="0.109" /><testcase classname="backend.tests.test_comprehensive_api.TestCMSEndpointsAuth" name="test_cms_pages_requires_auth" time="0.104" /><testcase classname="backend.tests.test_comprehensive_api.TestCMSEndpointsAuth" name="test_cms_services_requires_auth" time="0.115" /><testcase classname="backend.tests.test_comprehensive_api.TestCMSEndpointsAuth" name="test_cms_settings_requires_auth" time="0.125" /><testcase classname="backend.tests.test_comprehensive_api.TestCMSEndpointsAuth" name="test_cms_municipalities_requires_auth" time="0.100" /><testcase classname="backend.tests.test_comprehensive_api.TestCMSEndpointsAuth" name="test_cms_contact_messages_requires_auth" time="0.110" /><testcase classname="backend.tests.test_comprehensive_api.TestCMSEndpointsAuth" name="test_cms_job_applications_requires_auth" time="0.102" /><testcase classname="backend.tests.test_comprehensive_api.TestCMSEndpointsAuth" name="test_cms_users_requires_auth" time="0.114" /><testcase classname="backend.tests.test_comprehensive_api.TestCMSEndpointsAuth" name="test_cms_media_requires_auth" time="0.106" /><testcase classname="backend.tests.test_comprehensive_api.TestCMSEndpointsAuth" name="test_cms_folders_requires_auth" time="0.108" /><testcase classname="backend.tests.test_comprehensive_api.TestCMSEndpointsAuth" name="test_cms_modulistica_requires_auth" time="0.116" /><testcase classname="backend.tests.test_comprehensive_api.TestCMSEndpointsAuthenticated" name="test_cms_pages_list" time="0.646" /><testcase classname="backend.tests.test_comprehensive_api.TestCMSEndpointsAuthenticated" name="test_cms_services_list" time="0.458" /><testcase classname="backend.tests.test_comprehensive_api.TestCMSEndpointsAuthenticated" name="test_cms_settings_get" time="0.441" /><testcase classname="backend.tests.test_comprehensive_api.TestCMSEndpointsAuthenticated" name="test_cms_settings_update" time="0.454" /><testcase classname="backend.tests.test_comprehensive_api.TestCMSEndpointsAuthenticated" name="test_cms_municipalities_list" time="0.424" /><testcase classname="backend.tests.test_comprehensive_api.TestCMSEndpointsAuthenticated" name="test_cms_municipalities_crud" time="0.529" /><testcase classname="backend.tests.test_comprehensive_api.TestCMSEndpointsAuthenticated" name="test_cms_contact_messages_list" time="0.432" /><testcase classname="backend.tests.test_comprehensive_api.TestCMSEndpointsAuthenticated" name="test_cms_job_applications_list" time="0.431" /><testcase classname="backend.tests.test_comprehensive_api.TestCMSEndpointsAuthenticated" name="test_cms_users_list" time="0.431" /><testcase classname="backend.tests.test_comprehensive_api.TestCMSEndpointsAuthenticated" name="test_cms_online_services_list" time="0.450" /><testcase classname="backend.tests.test_comprehensive_api.TestCMSEndpointsAuthenticated" name="test_cms_folders_list" time="0.420" /><testcase classname="backend.tests.test_comprehensive_api.TestCMSEndpointsAuthenticated" name="test_cms_media_list" time="0.455" /><testcase classname="backend.tests.test_comprehensive_api.TestCMSEndpointsAuthenticated" name="test_cms_modulistica_list" time="0.463" /><testcase classname="backend.tests.test_comprehensive_api.TestCMSEndpointsAuthenticated" name="test_cms_modulistica_categories_list" time="0.453" /><testcase classname="backend.tests.test_comprehensive_api.TestCMSEndpointsAuthenticated" name="test_cms_page_update" time="0.528" /><testcase classname="backend.tests.test_comprehensive_api.TestCMSEndpointsAuthenticated" name="test_cms_service_update" time="0.517" /><testcase classname="backend.tests.test_comprehensive_api.TestPagesCRUD" name="test_page_create_read_update_delete" time="0.942" /><testcase classname="backend.tests.test_comprehensive_api.TestPagesCRUD" name="test_page_duplicate_slug_rejected" time="0.478" /><testcase classname="backend.tests.test_comprehensive_api.TestUserManagement" name="test_user_create_and_delete" time="0.824" /><testcase classname="backend.tests.test_comprehensive_api.TestUserManagement" name="test_duplicate_email_rejected" time="0.494" /></testsuite></testsuites>