<?xml version="1.0" encoding="utf-8"?><testsuites name="pytest tests"><testsuite name="pytest" errors="0" failures="0" skipped="0" tests="15" time="6.782" timestamp="2026-03-31T10:31:45.051213+00:00" hostname="agent-env-21aa83ad-8c08-40aa-a5a1-8db3756fb4ef"><testcase classname="backend.tests.test_pages_api.TestPagesAPI" name="test_01_auth_login" time="0.946" /><testcase classname="backend.tests.test_pages_api.TestPagesAPI" name="test_02_get_all_pages" time="0.412" /><testcase classname="backend.tests.test_pages_api.TestPagesAPI" name="test_03_get_chi_siamo_page" time="0.443" /><testcase classname="backend.tests.test_pages_api.TestPagesAPI" name="test_04_create_new_page" time="0.434" /><testcase classname="backend.tests.test_pages_api.TestPagesAPI" name="test_05_update_page_content" time="0.514" /><testcase classname="backend.tests.test_pages_api.TestPagesAPI" name="test_06_verify_page_persistence" time="0.607" /><testcase classname="backend.tests.test_pages_api.TestPagesAPI" name="test_07_delete_custom_page" time="0.547" /><testcase classname="backend.tests.test_pages_api.TestPagesAPI" name="test_08_public_page_endpoint" time="0.482" /><testcase classname="backend.tests.test_pages_api.TestPagesAPI" name="test_09_public_page_not_found" time="0.486" /><testcase classname="backend.tests.test_pages_api.TestPagesAPI" name="test_10_update_existing_page_chi_siamo" time="0.516" /><testcase classname="backend.tests.test_pages_api.TestPagesAPI" name="test_11_duplicate_slug_rejected" time="0.430" /><testcase classname="backend.tests.test_pages_api.TestPagesAPI" name="test_12_unauthenticated_cms_access_denied" time="0.466" /><testcase classname="backend.tests.test_pages_api.TestPublicPagesRendering" name="test_public_chi_siamo" time="0.099" /><testcase classname="backend.tests.test_pages_api.TestPublicPagesRendering" name="test_public_privacy_policy" time="0.104" /><testcase classname="backend.tests.test_pages_api.TestPublicPagesRendering" name="test_public_cookie_policy" time="0.098" /></testsuite></testsuites>